d:\신중은\dierectxproject\directx2dproejct\x64\debug\engine_d.pdb
d:\신중은\dierectxproject\directx2dproejct\x64\debug\engine_d.idb
d:\신중은\dierectxproject\directx2dproejct\engine\x64\debug\cwall.obj
d:\신중은\dierectxproject\directx2dproejct\engine\x64\debug\cresource.obj
d:\신중은\dierectxproject\directx2dproejct\engine\x64\debug\cinput.obj
d:\신중은\dierectxproject\directx2dproejct\engine\x64\debug\ctime.obj
d:\신중은\dierectxproject\directx2dproejct\engine\x64\debug\cshader.obj
d:\신중은\dierectxproject\directx2dproejct\engine\x64\debug\cscript.obj
d:\신중은\dierectxproject\directx2dproejct\engine\x64\debug\cscenemanager.obj
d:\신중은\dierectxproject\directx2dproejct\engine\x64\debug\cscene.obj
d:\신중은\dierectxproject\directx2dproejct\engine\x64\debug\crenderer.obj
d:\신중은\dierectxproject\directx2dproejct\engine\x64\debug\cplayer.obj
d:\신중은\dierectxproject\directx2dproejct\engine\x64\debug\cmesh.obj
d:\신중은\dierectxproject\directx2dproejct\engine\x64\debug\cmath.obj
d:\신중은\dierectxproject\directx2dproejct\engine\x64\debug\clayer.obj
d:\신중은\dierectxproject\directx2dproejct\engine\x64\debug\cgraphicdevice_dx11.obj
d:\신중은\dierectxproject\directx2dproejct\engine\x64\debug\cgameobject.obj
d:\신중은\dierectxproject\directx2dproejct\engine\x64\debug\centity.obj
d:\신중은\dierectxproject\directx2dproejct\engine\x64\debug\cconstantbuffer.obj
d:\신중은\dierectxproject\directx2dproejct\engine\x64\debug\ccomponent.obj
d:\신중은\dierectxproject\directx2dproejct\engine\x64\debug\ccell.obj
d:\신중은\dierectxproject\directx2dproejct\engine\x64\debug\capplication.obj
d:\신중은\dierectxproject\directx2dproejct\engine\x64\debug\engine.obj
d:\신중은\dierectxproject\directx2dproejct\x64\debug\engine_d.lib
d:\신중은\dierectxproject\directx2dproejct\engine\x64\debug\engine.tlog\cl.command.1.tlog
d:\신중은\dierectxproject\directx2dproejct\engine\x64\debug\engine.tlog\cl.read.1.tlog
d:\신중은\dierectxproject\directx2dproejct\engine\x64\debug\engine.tlog\cl.write.1.tlog
d:\신중은\dierectxproject\directx2dproejct\engine\x64\debug\engine.tlog\lib-link.read.1.tlog
d:\신중은\dierectxproject\directx2dproejct\engine\x64\debug\engine.tlog\lib-link.write.1.tlog
d:\신중은\dierectxproject\directx2dproejct\engine\x64\debug\engine.tlog\lib.command.1.tlog
