  CApplication.cpp
C:\Users\shinjoongeun\Documents\GitHub\DierectXProject\DirectX2DProejct\Engine_SOURCE\CMath.h(16,1): warning C4005: 'XM_CONSTEXPR': 매크로 재정의
C:\Program Files (x86)\Windows Kits\10\Include\10.0.19041.0\um\DirectXMath.h(37): message : 'XM_CONSTEXPR'의 이전 정의를 참조하십시오.
  CCamera.cpp
C:\Users\shinjoongeun\Documents\GitHub\DierectXProject\DirectX2DProejct\Engine_SOURCE\CMath.h(16,1): warning C4005: 'XM_CONSTEXPR': 매크로 재정의
C:\Program Files (x86)\Windows Kits\10\Include\10.0.19041.0\um\DirectXMath.h(37): message : 'XM_CONSTEXPR'의 이전 정의를 참조하십시오.
C:\Users\shinjoongeun\Documents\GitHub\DierectXProject\DirectX2DProejct\Engine_SOURCE\CCamera.cpp(86,21): warning C4244: '초기화 중': 'LONG'에서 'float'(으)로 변환하면서 데이터가 손실될 수 있습니다.
C:\Users\shinjoongeun\Documents\GitHub\DierectXProject\DirectX2DProejct\Engine_SOURCE\CCamera.cpp(87,22): warning C4244: '초기화 중': 'LONG'에서 'float'(으)로 변환하면서 데이터가 손실될 수 있습니다.
  CComponent.cpp
C:\Users\shinjoongeun\Documents\GitHub\DierectXProject\DirectX2DProejct\Engine_SOURCE\CMath.h(16,1): warning C4005: 'XM_CONSTEXPR': 매크로 재정의
C:\Program Files (x86)\Windows Kits\10\Include\10.0.19041.0\um\DirectXMath.h(37): message : 'XM_CONSTEXPR'의 이전 정의를 참조하십시오.
  CConstantBuffer.cpp
C:\Users\shinjoongeun\Documents\GitHub\DierectXProject\DirectX2DProejct\Engine_SOURCE\CMath.h(16,1): warning C4005: 'XM_CONSTEXPR': 매크로 재정의
C:\Program Files (x86)\Windows Kits\10\Include\10.0.19041.0\um\DirectXMath.h(37): message : 'XM_CONSTEXPR'의 이전 정의를 참조하십시오.
C:\Users\shinjoongeun\Documents\GitHub\DierectXProject\DirectX2DProejct\Engine_SOURCE\CConstantBuffer.cpp(18,30): warning C4267: '=': 'size_t'에서 'UINT'(으)로 변환하면서 데이터가 손실될 수 있습니다.
  CEntity.cpp
C:\Users\shinjoongeun\Documents\GitHub\DierectXProject\DirectX2DProejct\Engine_SOURCE\CMath.h(16,1): warning C4005: 'XM_CONSTEXPR': 매크로 재정의
C:\Program Files (x86)\Windows Kits\10\Include\10.0.19041.0\um\DirectXMath.h(37): message : 'XM_CONSTEXPR'의 이전 정의를 참조하십시오.
  CGameObject.cpp
C:\Users\shinjoongeun\Documents\GitHub\DierectXProject\DirectX2DProejct\Engine_SOURCE\CMath.h(16,1): warning C4005: 'XM_CONSTEXPR': 매크로 재정의
C:\Program Files (x86)\Windows Kits\10\Include\10.0.19041.0\um\DirectXMath.h(37): message : 'XM_CONSTEXPR'의 이전 정의를 참조하십시오.
  CGraphicDevice_Dx11.cpp
C:\Users\shinjoongeun\Documents\GitHub\DierectXProject\DirectX2DProejct\Engine_SOURCE\CMath.h(16,1): warning C4005: 'XM_CONSTEXPR': 매크로 재정의
C:\Program Files (x86)\Windows Kits\10\Include\10.0.19041.0\um\DirectXMath.h(37): message : 'XM_CONSTEXPR'의 이전 정의를 참조하십시오.
C:\Users\shinjoongeun\Documents\GitHub\DierectXProject\DirectX2DProejct\Engine_SOURCE\CGraphicDevice_Dx11.cpp(435,107): warning C4244: '인수': 'float'에서 'UINT8'(으)로 변환하면서 데이터가 손실될 수 있습니다.
  CLayer.cpp
C:\Users\shinjoongeun\Documents\GitHub\DierectXProject\DirectX2DProejct\Engine_SOURCE\CMath.h(16,1): warning C4005: 'XM_CONSTEXPR': 매크로 재정의
C:\Program Files (x86)\Windows Kits\10\Include\10.0.19041.0\um\DirectXMath.h(37): message : 'XM_CONSTEXPR'의 이전 정의를 참조하십시오.
  CMaterial.cpp
C:\Users\shinjoongeun\Documents\GitHub\DierectXProject\DirectX2DProejct\Engine_SOURCE\CMath.h(16,1): warning C4005: 'XM_CONSTEXPR': 매크로 재정의
C:\Program Files (x86)\Windows Kits\10\Include\10.0.19041.0\um\DirectXMath.h(37): message : 'XM_CONSTEXPR'의 이전 정의를 참조하십시오.
  CMath.cpp
C:\Users\shinjoongeun\Documents\GitHub\DierectXProject\DirectX2DProejct\Engine_SOURCE\CMath.h(16,1): warning C4005: 'XM_CONSTEXPR': 매크로 재정의
C:\Program Files (x86)\Windows Kits\10\Include\10.0.19041.0\um\DirectXMath.h(37): message : 'XM_CONSTEXPR'의 이전 정의를 참조하십시오.
  CMesh.cpp
C:\Users\shinjoongeun\Documents\GitHub\DierectXProject\DirectX2DProejct\Engine_SOURCE\CMath.h(16,1): warning C4005: 'XM_CONSTEXPR': 매크로 재정의
C:\Program Files (x86)\Windows Kits\10\Include\10.0.19041.0\um\DirectXMath.h(37): message : 'XM_CONSTEXPR'의 이전 정의를 참조하십시오.
  CMeshRenderer.cpp
C:\Users\shinjoongeun\Documents\GitHub\DierectXProject\DirectX2DProejct\Engine_SOURCE\CMath.h(16,1): warning C4005: 'XM_CONSTEXPR': 매크로 재정의
C:\Program Files (x86)\Windows Kits\10\Include\10.0.19041.0\um\DirectXMath.h(37): message : 'XM_CONSTEXPR'의 이전 정의를 참조하십시오.
  CRenderer.cpp
C:\Users\shinjoongeun\Documents\GitHub\DierectXProject\DirectX2DProejct\Engine_SOURCE\CMath.h(16,1): warning C4005: 'XM_CONSTEXPR': 매크로 재정의
C:\Program Files (x86)\Windows Kits\10\Include\10.0.19041.0\um\DirectXMath.h(37): message : 'XM_CONSTEXPR'의 이전 정의를 참조하십시오.
C:\Users\shinjoongeun\Documents\GitHub\DierectXProject\DirectX2DProejct\Engine_SOURCE\CRenderer.cpp(181,57): warning C4267: '인수': 'size_t'에서 'UINT'(으)로 변환하면서 데이터가 손실될 수 있습니다.
  CResources.cpp
C:\Users\shinjoongeun\Documents\GitHub\DierectXProject\DirectX2DProejct\Engine_SOURCE\CMath.h(16,1): warning C4005: 'XM_CONSTEXPR': 매크로 재정의
C:\Program Files (x86)\Windows Kits\10\Include\10.0.19041.0\um\DirectXMath.h(37): message : 'XM_CONSTEXPR'의 이전 정의를 참조하십시오.
  CScene.cpp
C:\Users\shinjoongeun\Documents\GitHub\DierectXProject\DirectX2DProejct\Engine_SOURCE\CMath.h(16,1): warning C4005: 'XM_CONSTEXPR': 매크로 재정의
C:\Program Files (x86)\Windows Kits\10\Include\10.0.19041.0\um\DirectXMath.h(37): message : 'XM_CONSTEXPR'의 이전 정의를 참조하십시오.
  CSceneManager.cpp
C:\Users\shinjoongeun\Documents\GitHub\DierectXProject\DirectX2DProejct\Engine_SOURCE\CMath.h(16,1): warning C4005: 'XM_CONSTEXPR': 매크로 재정의
C:\Program Files (x86)\Windows Kits\10\Include\10.0.19041.0\um\DirectXMath.h(37): message : 'XM_CONSTEXPR'의 이전 정의를 참조하십시오.
  CScript.cpp
C:\Users\shinjoongeun\Documents\GitHub\DierectXProject\DirectX2DProejct\Engine_SOURCE\CMath.h(16,1): warning C4005: 'XM_CONSTEXPR': 매크로 재정의
C:\Program Files (x86)\Windows Kits\10\Include\10.0.19041.0\um\DirectXMath.h(37): message : 'XM_CONSTEXPR'의 이전 정의를 참조하십시오.
  CShader.cpp
C:\Users\shinjoongeun\Documents\GitHub\DierectXProject\DirectX2DProejct\Engine_SOURCE\CMath.h(16,1): warning C4005: 'XM_CONSTEXPR': 매크로 재정의
C:\Program Files (x86)\Windows Kits\10\Include\10.0.19041.0\um\DirectXMath.h(37): message : 'XM_CONSTEXPR'의 이전 정의를 참조하십시오.
  CShopScene.cpp
C:\Users\shinjoongeun\Documents\GitHub\DierectXProject\DirectX2DProejct\Engine_SOURCE\CMath.h(16,1): warning C4005: 'XM_CONSTEXPR': 매크로 재정의
C:\Program Files (x86)\Windows Kits\10\Include\10.0.19041.0\um\DirectXMath.h(37): message : 'XM_CONSTEXPR'의 이전 정의를 참조하십시오.
  CStartMenuScene.cpp
C:\Users\shinjoongeun\Documents\GitHub\DierectXProject\DirectX2DProejct\Engine_SOURCE\CMath.h(16,1): warning C4005: 'XM_CONSTEXPR': 매크로 재정의
C:\Program Files (x86)\Windows Kits\10\Include\10.0.19041.0\um\DirectXMath.h(37): message : 'XM_CONSTEXPR'의 이전 정의를 참조하십시오.
  코드를 생성하고 있습니다...
  컴파일하고 있습니다...
  CTexture.cpp
C:\Users\shinjoongeun\Documents\GitHub\DierectXProject\DirectX2DProejct\Engine_SOURCE\CMath.h(16,1): warning C4005: 'XM_CONSTEXPR': 매크로 재정의
C:\Program Files (x86)\Windows Kits\10\Include\10.0.19041.0\um\DirectXMath.h(37): message : 'XM_CONSTEXPR'의 이전 정의를 참조하십시오.
  CTime.cpp
C:\Users\shinjoongeun\Documents\GitHub\DierectXProject\DirectX2DProejct\Engine_SOURCE\CMath.h(16,1): warning C4005: 'XM_CONSTEXPR': 매크로 재정의
C:\Program Files (x86)\Windows Kits\10\Include\10.0.19041.0\um\DirectXMath.h(37): message : 'XM_CONSTEXPR'의 이전 정의를 참조하십시오.
C:\Users\shinjoongeun\Documents\GitHub\DierectXProject\DirectX2DProejct\Engine_SOURCE\CTime.cpp(27,29): warning C4244: '초기화 중': 'LONGLONG'에서 'double'(으)로 변환하면서 데이터가 손실될 수 있습니다.
  CInput.cpp
C:\Users\shinjoongeun\Documents\GitHub\DierectXProject\DirectX2DProejct\Engine_SOURCE\CMath.h(16,1): warning C4005: 'XM_CONSTEXPR': 매크로 재정의
C:\Program Files (x86)\Windows Kits\10\Include\10.0.19041.0\um\DirectXMath.h(37): message : 'XM_CONSTEXPR'의 이전 정의를 참조하십시오.
C:\Users\shinjoongeun\Documents\GitHub\DierectXProject\DirectX2DProejct\Engine_SOURCE\CInput.cpp(67,26): warning C4244: '=': 'LONG'에서 'float'(으)로 변환하면서 데이터가 손실될 수 있습니다.
C:\Users\shinjoongeun\Documents\GitHub\DierectXProject\DirectX2DProejct\Engine_SOURCE\CInput.cpp(68,26): warning C4244: '=': 'LONG'에서 'float'(으)로 변환하면서 데이터가 손실될 수 있습니다.
  CResource.cpp
C:\Users\shinjoongeun\Documents\GitHub\DierectXProject\DirectX2DProejct\Engine_SOURCE\CMath.h(16,1): warning C4005: 'XM_CONSTEXPR': 매크로 재정의
C:\Program Files (x86)\Windows Kits\10\Include\10.0.19041.0\um\DirectXMath.h(37): message : 'XM_CONSTEXPR'의 이전 정의를 참조하십시오.
  CTransform.cpp
C:\Users\shinjoongeun\Documents\GitHub\DierectXProject\DirectX2DProejct\Engine_SOURCE\CMath.h(16,1): warning C4005: 'XM_CONSTEXPR': 매크로 재정의
C:\Program Files (x86)\Windows Kits\10\Include\10.0.19041.0\um\DirectXMath.h(37): message : 'XM_CONSTEXPR'의 이전 정의를 참조하십시오.
  CVillageScene.cpp
C:\Users\shinjoongeun\Documents\GitHub\DierectXProject\DirectX2DProejct\Engine_SOURCE\CMath.h(16,1): warning C4005: 'XM_CONSTEXPR': 매크로 재정의
C:\Program Files (x86)\Windows Kits\10\Include\10.0.19041.0\um\DirectXMath.h(37): message : 'XM_CONSTEXPR'의 이전 정의를 참조하십시오.
  CCameraScript.cpp
C:\Users\shinjoongeun\Documents\GitHub\DierectXProject\DirectX2DProejct\Engine_SOURCE\CMath.h(16,1): warning C4005: 'XM_CONSTEXPR': 매크로 재정의
C:\Program Files (x86)\Windows Kits\10\Include\10.0.19041.0\um\DirectXMath.h(37): message : 'XM_CONSTEXPR'의 이전 정의를 참조하십시오.
C:\Users\shinjoongeun\Documents\GitHub\DierectXProject\DirectX2DProejct\Engine_SOURCE\CCameraScript.cpp(16,18): warning C4244: '+=': 'double'에서 'float'(으)로 변환하면서 데이터가 손실될 수 있습니다.
C:\Users\shinjoongeun\Documents\GitHub\DierectXProject\DirectX2DProejct\Engine_SOURCE\CCameraScript.cpp(21,18): warning C4244: '-=': 'double'에서 'float'(으)로 변환하면서 데이터가 손실될 수 있습니다.
C:\Users\shinjoongeun\Documents\GitHub\DierectXProject\DirectX2DProejct\Engine_SOURCE\CCameraScript.cpp(26,18): warning C4244: '-=': 'double'에서 'float'(으)로 변환하면서 데이터가 손실될 수 있습니다.
C:\Users\shinjoongeun\Documents\GitHub\DierectXProject\DirectX2DProejct\Engine_SOURCE\CCameraScript.cpp(31,18): warning C4244: '+=': 'double'에서 'float'(으)로 변환하면서 데이터가 손실될 수 있습니다.
C:\Users\shinjoongeun\Documents\GitHub\DierectXProject\DirectX2DProejct\Engine_SOURCE\CCameraScript.cpp(36,18): warning C4244: '-=': 'double'에서 'float'(으)로 변환하면서 데이터가 손실될 수 있습니다.
C:\Users\shinjoongeun\Documents\GitHub\DierectXProject\DirectX2DProejct\Engine_SOURCE\CCameraScript.cpp(41,18): warning C4244: '+=': 'double'에서 'float'(으)로 변환하면서 데이터가 손실될 수 있습니다.
  CPlayScene.cpp
C:\Users\shinjoongeun\Documents\GitHub\DierectXProject\DirectX2DProejct\Engine_SOURCE\CMath.h(16,1): warning C4005: 'XM_CONSTEXPR': 매크로 재정의
C:\Program Files (x86)\Windows Kits\10\Include\10.0.19041.0\um\DirectXMath.h(37): message : 'XM_CONSTEXPR'의 이전 정의를 참조하십시오.
  Engine.cpp
  코드를 생성하고 있습니다...
  Engine.vcxproj -> C:\Users\shinjoongeun\Documents\GitHub\DierectXProject\DirectX2DProejct\x64\Debug\Engine_d.lib
