C:\Program Files\Microsoft Visual Studio\2022\Community\MSBuild\Microsoft\VC\v170\Microsoft.CppBuild.targets(514,5): warning MSB8028: 중간 디렉터리(x64\Debug\)에 다른 프로젝트(client.vcxproj)에서 공유하는 파일이 포함되어 있습니다.  이로 인해 잘못된 정리 및 다시 빌드 동작이 수행될 수 있습니다.
  CApplication.cpp
D:\신중은\DierectXProject\DirectX2DProejct\Engine_SOURCE\CMath.h(16,1): warning C4005: 'XM_CONSTEXPR': 매크로 재정의
C:\Program Files (x86)\Windows Kits\10\Include\10.0.19041.0\um\DirectXMath.h(37): message : 'XM_CONSTEXPR'의 이전 정의를 참조하십시오.
  CCameraScript.cpp
D:\신중은\DierectXProject\DirectX2DProejct\Engine_SOURCE\CMath.h(16,1): warning C4005: 'XM_CONSTEXPR': 매크로 재정의
C:\Program Files (x86)\Windows Kits\10\Include\10.0.19041.0\um\DirectXMath.h(37): message : 'XM_CONSTEXPR'의 이전 정의를 참조하십시오.
D:\신중은\DierectXProject\DirectX2DProejct\Engine_SOURCE\CCameraScript.cpp(12,17): warning C4244: '+=': 'double'에서 'float'(으)로 변환하면서 데이터가 손실될 수 있습니다.
  CGameObject.cpp
D:\신중은\DierectXProject\DirectX2DProejct\Engine_SOURCE\CMath.h(16,1): warning C4005: 'XM_CONSTEXPR': 매크로 재정의
C:\Program Files (x86)\Windows Kits\10\Include\10.0.19041.0\um\DirectXMath.h(37): message : 'XM_CONSTEXPR'의 이전 정의를 참조하십시오.
  CGraphicDevice_Dx11.cpp
D:\신중은\DierectXProject\DirectX2DProejct\Engine_SOURCE\CMath.h(16,1): warning C4005: 'XM_CONSTEXPR': 매크로 재정의
C:\Program Files (x86)\Windows Kits\10\Include\10.0.19041.0\um\DirectXMath.h(37): message : 'XM_CONSTEXPR'의 이전 정의를 참조하십시오.
D:\신중은\DierectXProject\DirectX2DProejct\Engine_SOURCE\CGraphicDevice_Dx11.cpp(393,107): warning C4244: '인수': 'float'에서 'UINT8'(으)로 변환하면서 데이터가 손실될 수 있습니다.
  CLayer.cpp
D:\신중은\DierectXProject\DirectX2DProejct\Engine_SOURCE\CMath.h(16,1): warning C4005: 'XM_CONSTEXPR': 매크로 재정의
C:\Program Files (x86)\Windows Kits\10\Include\10.0.19041.0\um\DirectXMath.h(37): message : 'XM_CONSTEXPR'의 이전 정의를 참조하십시오.
  CMeshRenderer.cpp
D:\신중은\DierectXProject\DirectX2DProejct\Engine_SOURCE\CMath.h(16,1): warning C4005: 'XM_CONSTEXPR': 매크로 재정의
C:\Program Files (x86)\Windows Kits\10\Include\10.0.19041.0\um\DirectXMath.h(37): message : 'XM_CONSTEXPR'의 이전 정의를 참조하십시오.
  CPlayScene.cpp
D:\신중은\DierectXProject\DirectX2DProejct\Engine_SOURCE\CMath.h(16,1): warning C4005: 'XM_CONSTEXPR': 매크로 재정의
C:\Program Files (x86)\Windows Kits\10\Include\10.0.19041.0\um\DirectXMath.h(37): message : 'XM_CONSTEXPR'의 이전 정의를 참조하십시오.
  CRenderer.cpp
D:\신중은\DierectXProject\DirectX2DProejct\Engine_SOURCE\CMath.h(16,1): warning C4005: 'XM_CONSTEXPR': 매크로 재정의
C:\Program Files (x86)\Windows Kits\10\Include\10.0.19041.0\um\DirectXMath.h(37): message : 'XM_CONSTEXPR'의 이전 정의를 참조하십시오.
D:\신중은\DierectXProject\DirectX2DProejct\Engine_SOURCE\CRenderer.cpp(92,57): warning C4267: '인수': 'size_t'에서 'UINT'(으)로 변환하면서 데이터가 손실될 수 있습니다.
  CScene.cpp
D:\신중은\DierectXProject\DirectX2DProejct\Engine_SOURCE\CMath.h(16,1): warning C4005: 'XM_CONSTEXPR': 매크로 재정의
C:\Program Files (x86)\Windows Kits\10\Include\10.0.19041.0\um\DirectXMath.h(37): message : 'XM_CONSTEXPR'의 이전 정의를 참조하십시오.
  CSceneManager.cpp
D:\신중은\DierectXProject\DirectX2DProejct\Engine_SOURCE\CMath.h(16,1): warning C4005: 'XM_CONSTEXPR': 매크로 재정의
C:\Program Files (x86)\Windows Kits\10\Include\10.0.19041.0\um\DirectXMath.h(37): message : 'XM_CONSTEXPR'의 이전 정의를 참조하십시오.
  CTime.cpp
D:\신중은\DierectXProject\DirectX2DProejct\Engine_SOURCE\CMath.h(16,1): warning C4005: 'XM_CONSTEXPR': 매크로 재정의
C:\Program Files (x86)\Windows Kits\10\Include\10.0.19041.0\um\DirectXMath.h(37): message : 'XM_CONSTEXPR'의 이전 정의를 참조하십시오.
D:\신중은\DierectXProject\DirectX2DProejct\Engine_SOURCE\CTime.cpp(27,29): warning C4244: '초기화 중': 'LONGLONG'에서 'double'(으)로 변환하면서 데이터가 손실될 수 있습니다.
  CInput.cpp
D:\신중은\DierectXProject\DirectX2DProejct\Engine_SOURCE\CMath.h(16,1): warning C4005: 'XM_CONSTEXPR': 매크로 재정의
C:\Program Files (x86)\Windows Kits\10\Include\10.0.19041.0\um\DirectXMath.h(37): message : 'XM_CONSTEXPR'의 이전 정의를 참조하십시오.
D:\신중은\DierectXProject\DirectX2DProejct\Engine_SOURCE\CInput.cpp(67,26): warning C4244: '=': 'LONG'에서 'float'(으)로 변환하면서 데이터가 손실될 수 있습니다.
D:\신중은\DierectXProject\DirectX2DProejct\Engine_SOURCE\CInput.cpp(68,26): warning C4244: '=': 'LONG'에서 'float'(으)로 변환하면서 데이터가 손실될 수 있습니다.
  main.cpp
D:\신중은\DierectXProject\DirectX2DProejct\Engine_SOURCE\CMath.h(16,1): warning C4005: 'XM_CONSTEXPR': 매크로 재정의
C:\Program Files (x86)\Windows Kits\10\Include\10.0.19041.0\um\DirectXMath.h(37): message : 'XM_CONSTEXPR'의 이전 정의를 참조하십시오.
  코드를 생성하고 있습니다...
  client.vcxproj -> D:\신중은\DierectXProject\DirectX2DProejct\x64\Debug\Editor_Window.exe
