d:\신중은\dierectxproject\directx2dproejct\client\x64\debug\vc143.pdb
d:\신중은\dierectxproject\directx2dproejct\client\x64\debug\vc143.idb
d:\신중은\dierectxproject\directx2dproejct\client\x64\debug\main.obj
d:\신중은\dierectxproject\directx2dproejct\client\x64\debug\cresource.obj
d:\신중은\dierectxproject\directx2dproejct\client\x64\debug\cinput.obj
d:\신중은\dierectxproject\directx2dproejct\client\x64\debug\ctime.obj
d:\신중은\dierectxproject\directx2dproejct\client\x64\debug\crenderer.obj
d:\신중은\dierectxproject\directx2dproejct\client\x64\debug\cmath.obj
d:\신중은\dierectxproject\directx2dproejct\client\x64\debug\cgraphicdevice_dx11.obj
d:\신중은\dierectxproject\directx2dproejct\client\x64\debug\centity.obj
d:\신중은\dierectxproject\directx2dproejct\client\x64\debug\capplication.obj
d:\신중은\dierectxproject\directx2dproejct\x64\debug\editor_window.exe
d:\신중은\dierectxproject\directx2dproejct\client\x64\debug\editor_window.ilk
d:\신중은\dierectxproject\directx2dproejct\x64\debug\editor_window.pdb
d:\신중은\dierectxproject\directx2dproejct\client\x64\debug\client.res
d:\신중은\dierectxproject\directx2dproejct\client\x64\debug\editor_window.tlog\cl.command.1.tlog
d:\신중은\dierectxproject\directx2dproejct\client\x64\debug\editor_window.tlog\cl.read.1.tlog
d:\신중은\dierectxproject\directx2dproejct\client\x64\debug\editor_window.tlog\cl.write.1.tlog
d:\신중은\dierectxproject\directx2dproejct\client\x64\debug\editor_window.tlog\link.command.1.tlog
d:\신중은\dierectxproject\directx2dproejct\client\x64\debug\editor_window.tlog\link.read.1.tlog
d:\신중은\dierectxproject\directx2dproejct\client\x64\debug\editor_window.tlog\link.write.1.tlog
d:\신중은\dierectxproject\directx2dproejct\client\x64\debug\editor_window.tlog\rc.command.1.tlog
d:\신중은\dierectxproject\directx2dproejct\client\x64\debug\editor_window.tlog\rc.read.1.tlog
d:\신중은\dierectxproject\directx2dproejct\client\x64\debug\editor_window.tlog\rc.write.1.tlog
